# JRE version: OpenJDK Runtime Environment (7.0_79-b14) (build 1.7.0_79-b14)
# Java VM: OpenJDK 64-Bit Server VM (24.79-b02 mixed mode linux-amd64 compressed oops)
Heap
 PSYoungGen      total 204288K, used 21807K [0x00000000eaa80000, 0x00000000f8980000, 0x0000000100000000)
  eden space 189440K, 3% used [0x00000000eaa80000,0x00000000eb17dd68,0x00000000f6380000)
  from space 14848K, 98% used [0x00000000f7500000,0x00000000f834e160,0x00000000f8380000)
  to   space 17920K, 0% used [0x00000000f6380000,0x00000000f6380000,0x00000000f7500000)
 ParOldGen       total 61952K, used 20726K [0x00000000c0000000, 0x00000000c3c80000, 0x00000000eaa80000)
  object space 61952K, 33% used [0x00000000c0000000,0x00000000c143db20,0x00000000c3c80000)
 PSPermGen       total 34304K, used 33859K [0x00000000b0000000, 0x00000000b2180000, 0x00000000c0000000)
  object space 34304K, 98% used [0x00000000b0000000,0x00000000b2110d40,0x00000000b2180000)
GC Heap History (10 events):
Event: 0.932 GC heap before
{Heap before GC invocations=2 (full 0):
 PSYoungGen      total 27648K, used 27213K [0x00000000eaa80000, 0x00000000ee080000, 0x0000000100000000)
  eden space 24064K, 100% used [0x00000000eaa80000,0x00000000ec200000,0x00000000ec200000)
  from space 3584K, 87% used [0x00000000ec200000,0x00000000ec5134c8,0x00000000ec580000)
  to   space 3584K, 0% used [0x00000000edd00000,0x00000000edd00000,0x00000000ee080000)
 ParOldGen       total 61952K, used 0K [0x00000000c0000000, 0x00000000c3c80000, 0x00000000eaa80000)
  object space 61952K, 0% used [0x00000000c0000000,0x00000000c0000000,0x00000000c3c80000)
 PSPermGen       total 21504K, used 9845K [0x00000000b0000000, 0x00000000b1500000, 0x00000000c0000000)
  object space 21504K, 45% used [0x00000000b0000000,0x00000000b099d7b8,0x00000000b1500000)
Event: 0.941 GC heap after
Heap after GC invocations=2 (full 0):
 PSYoungGen      total 51712K, used 3570K [0x00000000eaa80000, 0x00000000ee080000, 0x0000000100000000)
  eden space 48128K, 0% used [0x00000000eaa80000,0x00000000eaa80000,0x00000000ed980000)
  from space 3584K, 99% used [0x00000000edd00000,0x00000000ee07c890,0x00000000ee080000)
  to   space 3584K, 0% used [0x00000000ed980000,0x00000000ed980000,0x00000000edd00000)
 ParOldGen       total 61952K, used 531K [0x00000000c0000000, 0x00000000c3c80000, 0x00000000eaa80000)
  object space 61952K, 0% used [0x00000000c0000000,0x00000000c0084d58,0x00000000c3c80000)
 PSPermGen       total 21504K, used 9845K [0x00000000b0000000, 0x00000000b1500000, 0x00000000c0000000)
  object space 21504K, 45% used [0x00000000b0000000,0x00000000b099d7b8,0x00000000b1500000)
}
Event: 1.671 GC heap before
{Heap before GC invocations=3 (full 0):
 PSYoungGen      total 51712K, used 51698K [0x00000000eaa80000, 0x00000000ee080000, 0x0000000100000000)
  eden space 48128K, 100% used [0x00000000eaa80000,0x00000000ed980000,0x00000000ed980000)
  from space 3584K, 99% used [0x00000000edd00000,0x00000000ee07c890,0x00000000ee080000)
  to   space 3584K, 0% used [0x00000000ed980000,0x00000000ed980000,0x00000000edd00000)
 ParOldGen       total 61952K, used 531K [0x00000000c0000000, 0x00000000c3c80000, 0x00000000eaa80000)
  object space 61952K, 0% used [0x00000000c0000000,0x00000000c0084d58,0x00000000c3c80000)
 PSPermGen       total 21504K, used 17796K [0x00000000b0000000, 0x00000000b1500000, 0x00000000c0000000)
  object space 21504K, 82% used [0x00000000b0000000,0x00000000b1161140,0x00000000b1500000)
Event: 1.683 GC heap after
Heap after GC invocations=3 (full 0):
 PSYoungGen      total 51712K, used 3552K [0x00000000eaa80000, 0x00000000f0f80000, 0x0000000100000000)
  eden space 48128K, 0% used [0x00000000eaa80000,0x00000000eaa80000,0x00000000ed980000)
  from space 3584K, 99% used [0x00000000ed980000,0x00000000edcf8020,0x00000000edd00000)
  to   space 3584K, 0% used [0x00000000f0c00000,0x00000000f0c00000,0x00000000f0f80000)
 ParOldGen       total 61952K, used 6403K [0x00000000c0000000, 0x00000000c3c80000, 0x00000000eaa80000)
  object space 61952K, 10% used [0x00000000c0000000,0x00000000c0640f58,0x00000000c3c80000)
 PSPermGen       total 21504K, used 17796K [0x00000000b0000000, 0x00000000b1500000, 0x00000000c0000000)
  object space 21504K, 82% used [0x00000000b0000000,0x00000000b1161140,0x00000000b1500000)
}
Event: 2.352 GC heap before
{Heap before GC invocations=4 (full 0):
 PSYoungGen      total 51712K, used 51680K [0x00000000eaa80000, 0x00000000f0f80000, 0x0000000100000000)
  eden space 48128K, 100% used [0x00000000eaa80000,0x00000000ed980000,0x00000000ed980000)
  from space 3584K, 99% used [0x00000000ed980000,0x00000000edcf8020,0x00000000edd00000)
  to   space 3584K, 0% used [0x00000000f0c00000,0x00000000f0c00000,0x00000000f0f80000)
 ParOldGen       total 61952K, used 6403K [0x00000000c0000000, 0x00000000c3c80000, 0x00000000eaa80000)
  object space 61952K, 10% used [0x00000000c0000000,0x00000000c0640f58,0x00000000c3c80000)
 PSPermGen       total 21504K, used 21437K [0x00000000b0000000, 0x00000000b1500000, 0x00000000c0000000)
  object space 21504K, 99% used [0x00000000b0000000,0x00000000b14ef5a0,0x00000000b1500000)
Event: 2.368 GC heap after
Heap after GC invocations=4 (full 0):
 PSYoungGen      total 99840K, used 3568K [0x00000000eaa80000, 0x00000000f0f80000, 0x0000000100000000)
  eden space 96256K, 0% used [0x00000000eaa80000,0x00000000eaa80000,0x00000000f0880000)
  from space 3584K, 99% used [0x00000000f0c00000,0x00000000f0f7c010,0x00000000f0f80000)
  to   space 3584K, 0% used [0x00000000f0880000,0x00000000f0880000,0x00000000f0c00000)
 ParOldGen       total 61952K, used 12045K [0x00000000c0000000, 0x00000000c3c80000, 0x00000000eaa80000)
  object space 61952K, 19% used [0x00000000c0000000,0x00000000c0bc3580,0x00000000c3c80000)
 PSPermGen       total 21504K, used 21437K [0x00000000b0000000, 0x00000000b1500000, 0x00000000c0000000)
  object space 21504K, 99% used [0x00000000b0000000,0x00000000b14ef5a0,0x00000000b1500000)
}
Event: 4.319 GC heap before
{Heap before GC invocations=5 (full 0):
 PSYoungGen      total 99840K, used 99824K [0x00000000eaa80000, 0x00000000f0f80000, 0x0000000100000000)
  eden space 96256K, 100% used [0x00000000eaa80000,0x00000000f0880000,0x00000000f0880000)
  from space 3584K, 99% used [0x00000000f0c00000,0x00000000f0f7c010,0x00000000f0f80000)
  to   space 3584K, 0% used [0x00000000f0880000,0x00000000f0880000,0x00000000f0c00000)
 ParOldGen       total 61952K, used 12045K [0x00000000c0000000, 0x00000000c3c80000, 0x00000000eaa80000)
  object space 61952K, 19% used [0x00000000c0000000,0x00000000c0bc3580,0x00000000c3c80000)
 PSPermGen       total 29184K, used 29008K [0x00000000b0000000, 0x00000000b1c80000, 0x00000000c0000000)
  object space 29184K, 99% used [0x00000000b0000000,0x00000000b1c541e0,0x00000000b1c80000)
Event: 4.339 GC heap after
Heap after GC invocations=5 (full 0):
 PSYoungGen      total 99840K, used 3584K [0x00000000eaa80000, 0x00000000f8380000, 0x0000000100000000)
  eden space 96256K, 0% used [0x00000000eaa80000,0x00000000eaa80000,0x00000000f0880000)
  from space 3584K, 100% used [0x00000000f0880000,0x00000000f0c00000,0x00000000f0c00000)
  to   space 14848K, 0% used [0x00000000f7500000,0x00000000f7500000,0x00000000f8380000)
 ParOldGen       total 61952K, used 20726K [0x00000000c0000000, 0x00000000c3c80000, 0x00000000eaa80000)
  object space 61952K, 33% used [0x00000000c0000000,0x00000000c143db20,0x00000000c3c80000)
 PSPermGen       total 29184K, used 29008K [0x00000000b0000000, 0x00000000b1c80000, 0x00000000c0000000)
  object space 29184K, 99% used [0x00000000b0000000,0x00000000b1c541e0,0x00000000b1c80000)
}
Event: 6.102 GC heap before
{Heap before GC invocations=6 (full 0):
 PSYoungGen      total 99840K, used 99840K [0x00000000eaa80000, 0x00000000f8380000, 0x0000000100000000)
  eden space 96256K, 100% used [0x00000000eaa80000,0x00000000f0880000,0x00000000f0880000)
  from space 3584K, 100% used [0x00000000f0880000,0x00000000f0c00000,0x00000000f0c00000)
  to   space 14848K, 0% used [0x00000000f7500000,0x00000000f7500000,0x00000000f8380000)
 ParOldGen       total 61952K, used 20726K [0x00000000c0000000, 0x00000000c3c80000, 0x00000000eaa80000)
  object space 61952K, 33% used [0x00000000c0000000,0x00000000c143db20,0x00000000c3c80000)
 PSPermGen       total 33792K, used 33698K [0x00000000b0000000, 0x00000000b2100000, 0x00000000c0000000)
  object space 33792K, 99% used [0x00000000b0000000,0x00000000b20e8890,0x00000000b2100000)
Event: 6.138 GC heap after
Heap after GC invocations=6 (full 0):
 PSYoungGen      total 204288K, used 14648K [0x00000000eaa80000, 0x00000000f8980000, 0x0000000100000000)
  eden space 189440K, 0% used [0x00000000eaa80000,0x00000000eaa80000,0x00000000f6380000)
  from space 14848K, 98% used [0x00000000f7500000,0x00000000f834e160,0x00000000f8380000)
  to   space 17920K, 0% used [0x00000000f6380000,0x00000000f6380000,0x00000000f7500000)
 ParOldGen       total 61952K, used 20726K [0x00000000c0000000, 0x00000000c3c80000, 0x00000000eaa80000)
  object space 61952K, 33% used [0x00000000c0000000,0x00000000c143db20,0x00000000c3c80000)
 PSPermGen       total 33792K, used 33698K [0x00000000b0000000, 0x00000000b2100000, 0x00000000c0000000)
  object space 33792K, 99% used [0x00000000b0000000,0x00000000b20e8890,0x00000000b2100000)
}

